<?xml version="1.0" encoding="UTF-8"?>
<!-- Generated by org.testng.reporters.JUnitReportReporter -->
<testsuite skipped="0" hostname="VAIO" name="TwentythWeekend.TestngTesting" tests="1" failures="0" timestamp="11 Feb 2018 11:31:45 GMT" time="0.025" errors="0">
  <testcase name="test1" time="0.025" classname="TwentythWeekend.TestngTesting"/>
</testsuite> <!-- TwentythWeekend.TestngTesting -->
