<?xml version="1.0" encoding="UTF-8"?>
<!-- Generated by org.testng.reporters.JUnitReportReporter -->
<testsuite skipped="0" hostname="VAIO" name="TwentythWeekend.CSSTesting" tests="1" failures="0" timestamp="11 Feb 2018 11:45:21 GMT" time="18.392" errors="0">
  <testcase name="google" time="18.392" classname="TwentythWeekend.CSSTesting"/>
</testsuite> <!-- TwentythWeekend.CSSTesting -->
