<?xml version="1.0" encoding="UTF-8"?>
<!-- Generated by org.testng.reporters.JUnitReportReporter -->
<testsuite skipped="0" hostname="VAIO" name="TwentythWeekend.TestNgClass" tests="3" failures="0" timestamp="04 Feb 2018 11:16:59 GMT" time="0.089" errors="0">
  <testcase name="testLogin" time="0.024" classname="TwentythWeekend.TestNgClass"/>
  <testcase name="testLogin" time="0.028" classname="TwentythWeekend.TestNgClass"/>
  <testcase name="testLogin" time="0.037" classname="TwentythWeekend.TestNgClass"/>
</testsuite> <!-- TwentythWeekend.TestNgClass -->
