<?xml version="1.0" encoding="UTF-8"?>
<!-- Generated by org.testng.reporters.JUnitReportReporter -->
<testsuite skipped="0" hostname="VAIO" name="com.PageFactroyTest.TestClass" tests="1" failures="0" timestamp="18 Feb 2018 12:18:44 GMT" time="21.620" errors="0">
  <testcase name="login" time="21.620" classname="com.PageFactroyTest.TestClass"/>
</testsuite> <!-- com.PageFactroyTest.TestClass -->
